F:\GIT\BACKGROUNDSUBTRACTION\SUBSENSE并行1.0\DEBUG\SUBSENSE并行1.0.EXE
F:\GIT\BACKGROUNDSUBTRACTION\SUBSENSE并行1.0\DEBUG\SUBSENSE并行1.0.ILK
F:\GIT\BACKGROUNDSUBTRACTION\SUBSENSE并行1.0\DEBUG\SUBSENSE并行1.0.PDB
F:\GIT\BACKGROUNDSUBTRACTION\SUBSENSE并行1.0\VIBE并行\DEBUG\BGFG_SUBSENSE.OBJ
F:\git\BackgroundSubtraction\subsense并行1.0\Vibe并行\Debug\cl.command.1.tlog
F:\git\BackgroundSubtraction\subsense并行1.0\Vibe并行\Debug\CL.read.1.tlog
F:\git\BackgroundSubtraction\subsense并行1.0\Vibe并行\Debug\CL.write.1.tlog
F:\git\BackgroundSubtraction\subsense并行1.0\Vibe并行\Debug\link.4984.read.1.tlog
F:\git\BackgroundSubtraction\subsense并行1.0\Vibe并行\Debug\link.4984.write.1.tlog
F:\git\BackgroundSubtraction\subsense并行1.0\Vibe并行\Debug\link.4984-cvtres.read.1.tlog
F:\git\BackgroundSubtraction\subsense并行1.0\Vibe并行\Debug\link.4984-cvtres.write.1.tlog
F:\git\BackgroundSubtraction\subsense并行1.0\Vibe并行\Debug\link.command.1.tlog
F:\git\BackgroundSubtraction\subsense并行1.0\Vibe并行\Debug\link.read.1.tlog
F:\git\BackgroundSubtraction\subsense并行1.0\Vibe并行\Debug\link.write.1.tlog
F:\git\BackgroundSubtraction\subsense并行1.0\Vibe并行\Debug\link-cvtres.read.1.tlog
F:\git\BackgroundSubtraction\subsense并行1.0\Vibe并行\Debug\link-cvtres.write.1.tlog
F:\git\BackgroundSubtraction\subsense并行1.0\Vibe并行\Debug\mt.command.1.tlog
F:\git\BackgroundSubtraction\subsense并行1.0\Vibe并行\Debug\mt.read.1.tlog
F:\git\BackgroundSubtraction\subsense并行1.0\Vibe并行\Debug\mt.write.1.tlog
F:\git\BackgroundSubtraction\subsense并行1.0\Vibe并行\Debug\rc.command.1.tlog
F:\git\BackgroundSubtraction\subsense并行1.0\Vibe并行\Debug\rc.read.1.tlog
F:\git\BackgroundSubtraction\subsense并行1.0\Vibe并行\Debug\rc.write.1.tlog
F:\GIT\BACKGROUNDSUBTRACTION\SUBSENSE并行1.0\VIBE并行\DEBUG\STDAFX.OBJ
F:\GIT\BACKGROUNDSUBTRACTION\SUBSENSE并行1.0\VIBE并行\DEBUG\SUBSENSE.OBJ
F:\GIT\BACKGROUNDSUBTRACTION\SUBSENSE并行1.0\VIBE并行\DEBUG\SUBSENSE并行1.0.EXE.EMBED.MANIFEST
F:\GIT\BACKGROUNDSUBTRACTION\SUBSENSE并行1.0\VIBE并行\DEBUG\SUBSENSE并行1.0.EXE.EMBED.MANIFEST.RES
F:\GIT\BACKGROUNDSUBTRACTION\SUBSENSE并行1.0\VIBE并行\DEBUG\SUBSENSE并行1.0.EXE.INTERMEDIATE.MANIFEST
F:\GIT\BACKGROUNDSUBTRACTION\SUBSENSE并行1.0\VIBE并行\DEBUG\SUBSENSE并行1.0.PCH
F:\git\BackgroundSubtraction\subsense并行1.0\Vibe并行\Debug\subsense并行1.0.write.1.tlog
F:\git\BackgroundSubtraction\subsense并行1.0\Vibe并行\Debug\subsense并行1.0_manifest.rc
F:\git\BackgroundSubtraction\subsense并行1.0\Vibe并行\Debug\vc100.idb
F:\GIT\BACKGROUNDSUBTRACTION\SUBSENSE并行1.0\VIBE并行\DEBUG\VC100.PDB
