Build started 2015/8/27 11:31:33.
     1>Project "F:\git\BackgroundSubtraction\subsense并行1.0\Vibe并行\Vibe并行.vcxproj" on node 2 (build target(s)).
     1>InitializeBuildStatus:
         Touching "Debug\subsense并行1.0.unsuccessfulbuild".
       ClCompile:
         All outputs are up-to-date.
         c:\software\study\VS2010\VC\bin\CL.exe /c /ZI /nologo /W3 /WX- /Od /Oy- /D WIN32 /D _DEBUG /D _CONSOLE /D _UNICODE /D UNICODE /Gm /EHsc /RTC1 /MDd /GS /fp:precise /Zc:wchar_t /Zc:forScope /Yu"StdAfx.h" /Fp"Debug\subsense并行1.0.pch" /Fo"Debug\\" /Fd"Debug\vc100.pdb" /Gd /TP /analyze- /errorReport:prompt BgFg_subsense.cpp
         BgFg_subsense.cpp
     1>f:\git\backgroundsubtraction\subsense并行1.0\vibe并行\bgfg_subsense.cpp(33): warning C4244: 'argument' : conversion from 'double' to 'float', possible loss of data
     1>f:\git\backgroundsubtraction\subsense并行1.0\vibe并行\bgfg_subsense.cpp(36): warning C4244: 'argument' : conversion from 'int' to 'float', possible loss of data
     1>f:\git\backgroundsubtraction\subsense并行1.0\vibe并行\bgfg_subsense.cpp(36): warning C4244: 'return' : conversion from 'float' to 'int', possible loss of data
     1>f:\git\backgroundsubtraction\subsense并行1.0\vibe并行\bgfg_subsense.cpp(164): warning C4244: '=' : conversion from 'double' to 'int', possible loss of data
     1>f:\git\backgroundsubtraction\subsense并行1.0\vibe并行\bgfg_subsense.cpp(39): warning C4244: 'argument' : conversion from 'int' to 'float', possible loss of data
                 f:\git\backgroundsubtraction\subsense并行1.0\vibe并行\lbsp_16bits_dbcross_1ch.i(27) : see reference to function template instantiation 'unsigned int cv::L1dist<uchar>(T,T)' being compiled
                 with
                 [
                     T=uchar
                 ]
       ManifestResourceCompile:
         All outputs are up-to-date.
       Link:
         c:\software\study\VS2010\VC\bin\link.exe /ERRORREPORT:PROMPT /OUT:"F:\git\BackgroundSubtraction\subsense并行1.0\Debug\subsense并行1.0.exe" /INCREMENTAL /NOLOGO opencv_calib3d248d.lib opencv_contrib248d.lib opencv_core248d.lib opencv_features2d248d.lib opencv_flann248d.lib opencv_gpu248d.lib opencv_highgui248d.lib opencv_imgproc248d.lib opencv_legacy248d.lib opencv_ml248d.lib opencv_objdetect248d.lib opencv_ts248d.lib opencv_video248d.lib opencv_calib3d248.lib opencv_contrib248.lib opencv_core248.lib opencv_features2d248.lib opencv_flann248.lib opencv_gpu248.lib opencv_highgui248.lib opencv_imgproc248.lib opencv_legacy248.lib opencv_ml248.lib opencv_objdetect248.lib opencv_ts248.lib opencv_video248.lib kernel32.lib user32.lib gdi32.lib winspool.lib comdlg32.lib advapi32.lib shell32.lib ole32.lib oleaut32.lib uuid.lib odbc32.lib odbccp32.lib /MANIFEST /ManifestFile:"Debug\subsense并行1.0.exe.intermediate.manifest" /MANIFESTUAC:"level='asInvoker' uiAccess='false'" /DEBUG /PDB:"F:\git\BackgroundSubtraction\subsense并行1.0\Debug\subsense并行1.0.pdb" /SUBSYSTEM:CONSOLE /TLBID:1 /DYNAMICBASE /NXCOMPAT /IMPLIB:"F:\git\BackgroundSubtraction\subsense并行1.0\Debug\subsense并行1.0.lib" /MACHINE:X86 "Debug\subsense并行1.0.exe.embed.manifest.res"
         Debug\BgFg_subsense.obj
         Debug\stdafx.obj
         Debug\subsense.obj
       Manifest:
         C:\Program Files (x86)\Microsoft SDKs\Windows\v7.0A\bin\mt.exe /nologo /verbose /out:"Debug\subsense并行1.0.exe.embed.manifest" /manifest "Debug\subsense并行1.0.exe.intermediate.manifest"
         All outputs are up-to-date.
       LinkEmbedManifest:
         All outputs are up-to-date.
         Vibe并行.vcxproj -> F:\git\BackgroundSubtraction\subsense并行1.0\Debug\subsense并行1.0.exe
       FinalizeBuildStatus:
         Deleting file "Debug\subsense并行1.0.unsuccessfulbuild".
         Touching "Debug\subsense并行1.0.lastbuildstate".
     1>Done Building Project "F:\git\BackgroundSubtraction\subsense并行1.0\Vibe并行\Vibe并行.vcxproj" (build target(s)).

Build succeeded.

Time Elapsed 00:00:00.65
