F:\GIT\BACKGROUNDSUBTRACTION\VIBE并行\DEBUG\VIBE并行.EXE
F:\GIT\BACKGROUNDSUBTRACTION\VIBE并行\DEBUG\VIBE并行.ILK
F:\GIT\BACKGROUNDSUBTRACTION\VIBE并行\DEBUG\VIBE并行.PDB
F:\GIT\BACKGROUNDSUBTRACTION\VIBE并行\VIBE并行\DEBUG\BGFG_VIBE.OBJ
F:\git\BackgroundSubtraction\Vibe并行\Vibe并行\Debug\cl.command.1.tlog
F:\git\BackgroundSubtraction\Vibe并行\Vibe并行\Debug\CL.read.1.tlog
F:\git\BackgroundSubtraction\Vibe并行\Vibe并行\Debug\CL.write.1.tlog
F:\git\BackgroundSubtraction\Vibe并行\Vibe并行\Debug\link.4636.read.1.tlog
F:\git\BackgroundSubtraction\Vibe并行\Vibe并行\Debug\link.4636.write.1.tlog
F:\git\BackgroundSubtraction\Vibe并行\Vibe并行\Debug\link.4636-cvtres.read.1.tlog
F:\git\BackgroundSubtraction\Vibe并行\Vibe并行\Debug\link.4636-cvtres.write.1.tlog
F:\git\BackgroundSubtraction\Vibe并行\Vibe并行\Debug\link.command.1.tlog
F:\git\BackgroundSubtraction\Vibe并行\Vibe并行\Debug\link.read.1.tlog
F:\git\BackgroundSubtraction\Vibe并行\Vibe并行\Debug\link.write.1.tlog
F:\git\BackgroundSubtraction\Vibe并行\Vibe并行\Debug\link-cvtres.read.1.tlog
F:\git\BackgroundSubtraction\Vibe并行\Vibe并行\Debug\link-cvtres.write.1.tlog
F:\git\BackgroundSubtraction\Vibe并行\Vibe并行\Debug\mt.command.1.tlog
F:\git\BackgroundSubtraction\Vibe并行\Vibe并行\Debug\mt.read.1.tlog
F:\git\BackgroundSubtraction\Vibe并行\Vibe并行\Debug\mt.write.1.tlog
F:\git\BackgroundSubtraction\Vibe并行\Vibe并行\Debug\rc.command.1.tlog
F:\git\BackgroundSubtraction\Vibe并行\Vibe并行\Debug\rc.read.1.tlog
F:\git\BackgroundSubtraction\Vibe并行\Vibe并行\Debug\rc.write.1.tlog
F:\GIT\BACKGROUNDSUBTRACTION\VIBE并行\VIBE并行\DEBUG\STDAFX.OBJ
F:\git\BackgroundSubtraction\Vibe并行\Vibe并行\Debug\vc100.idb
F:\GIT\BACKGROUNDSUBTRACTION\VIBE并行\VIBE并行\DEBUG\VC100.PDB
F:\GIT\BACKGROUNDSUBTRACTION\VIBE并行\VIBE并行\DEBUG\VIBE并行.EXE.EMBED.MANIFEST
F:\GIT\BACKGROUNDSUBTRACTION\VIBE并行\VIBE并行\DEBUG\VIBE并行.EXE.EMBED.MANIFEST.RES
F:\GIT\BACKGROUNDSUBTRACTION\VIBE并行\VIBE并行\DEBUG\VIBE并行.EXE.INTERMEDIATE.MANIFEST
F:\GIT\BACKGROUNDSUBTRACTION\VIBE并行\VIBE并行\DEBUG\VIBE并行.OBJ
F:\GIT\BACKGROUNDSUBTRACTION\VIBE并行\VIBE并行\DEBUG\VIBE并行.PCH
F:\git\BackgroundSubtraction\Vibe并行\Vibe并行\Debug\Vibe并行.write.1.tlog
F:\git\BackgroundSubtraction\Vibe并行\Vibe并行\Debug\Vibe并行_manifest.rc
