Build started 2015/8/27 9:28:19.
     1>Project "F:\git\BackgroundSubtraction\Vibe并行\Vibe并行\Vibe并行.vcxproj" on node 2 (rebuild target(s)).
     1>_PrepareForClean:
         Deleting file "Debug\Vibe并行.lastbuildstate".
       InitializeBuildStatus:
         Creating "Debug\Vibe并行.unsuccessfulbuild" because "AlwaysCreate" was specified.
       ClCompile:
         c:\software\study\VS2010\VC\bin\CL.exe /c /ZI /nologo /W3 /WX- /Od /Oy- /D WIN32 /D _DEBUG /D _CONSOLE /D _UNICODE /D UNICODE /Gm /EHsc /RTC1 /MDd /GS /fp:precise /Zc:wchar_t /Zc:forScope /Yc"StdAfx.h" /Fp"Debug\Vibe并行.pch" /Fo"Debug\\" /Fd"Debug\vc100.pdb" /Gd /TP /analyze- /errorReport:prompt stdafx.cpp
         stdafx.cpp
         c:\software\study\VS2010\VC\bin\CL.exe /c /ZI /nologo /W3 /WX- /Od /Oy- /D WIN32 /D _DEBUG /D _CONSOLE /D _UNICODE /D UNICODE /Gm /EHsc /RTC1 /MDd /GS /fp:precise /Zc:wchar_t /Zc:forScope /Yu"StdAfx.h" /Fp"Debug\Vibe并行.pch" /Fo"Debug\\" /Fd"Debug\vc100.pdb" /Gd /TP /analyze- /errorReport:prompt BgFg_Vibe.cpp "Vibe并行.cpp"
         Vibe并行.cpp
         BgFg_Vibe.cpp
     1>f:\git\backgroundsubtraction\vibe并行\vibe并行\bgfg_vibe.cpp(23): warning C4244: 'argument' : conversion from 'double' to 'float', possible loss of data
     1>f:\git\backgroundsubtraction\vibe并行\vibe并行\bgfg_vibe.cpp(45): warning C4244: '=' : conversion from 'double' to 'int', possible loss of data
         Generating Code...
       ManifestResourceCompile:
         C:\Program Files (x86)\Microsoft SDKs\Windows\v7.0A\bin\rc.exe /nologo /fo"Debug\Vibe并行.exe.embed.manifest.res" "Debug\Vibe并行_manifest.rc" 
       Link:
         c:\software\study\VS2010\VC\bin\link.exe /ERRORREPORT:PROMPT /OUT:"F:\git\BackgroundSubtraction\Vibe并行\Debug\Vibe并行.exe" /INCREMENTAL /NOLOGO opencv_calib3d248d.lib opencv_contrib248d.lib opencv_core248d.lib opencv_features2d248d.lib opencv_flann248d.lib opencv_gpu248d.lib opencv_highgui248d.lib opencv_imgproc248d.lib opencv_legacy248d.lib opencv_ml248d.lib opencv_objdetect248d.lib opencv_ts248d.lib opencv_video248d.lib opencv_calib3d248.lib opencv_contrib248.lib opencv_core248.lib opencv_features2d248.lib opencv_flann248.lib opencv_gpu248.lib opencv_highgui248.lib opencv_imgproc248.lib opencv_legacy248.lib opencv_ml248.lib opencv_objdetect248.lib opencv_ts248.lib opencv_video248.lib kernel32.lib user32.lib gdi32.lib winspool.lib comdlg32.lib advapi32.lib shell32.lib ole32.lib oleaut32.lib uuid.lib odbc32.lib odbccp32.lib /MANIFEST /ManifestFile:"Debug\Vibe并行.exe.intermediate.manifest" /MANIFESTUAC:"level='asInvoker' uiAccess='false'" /DEBUG /PDB:"F:\git\BackgroundSubtraction\Vibe并行\Debug\Vibe并行.pdb" /SUBSYSTEM:CONSOLE /TLBID:1 /DYNAMICBASE /NXCOMPAT /IMPLIB:"F:\git\BackgroundSubtraction\Vibe并行\Debug\Vibe并行.lib" /MACHINE:X86 "Debug\Vibe并行.exe.embed.manifest.res"
         Debug\BgFg_Vibe.obj
         Debug\stdafx.obj
         "Debug\Vibe并行.obj"
       Manifest:
         Deleting file "Debug\Vibe并行.exe.embed.manifest".
         C:\Program Files (x86)\Microsoft SDKs\Windows\v7.0A\bin\mt.exe /nologo /verbose /out:"Debug\Vibe并行.exe.embed.manifest" /manifest "Debug\Vibe并行.exe.intermediate.manifest"
         C:\Program Files (x86)\Microsoft SDKs\Windows\v7.0A\bin\rc.exe /nologo /fo"Debug\Vibe并行.exe.embed.manifest.res" "Debug\Vibe并行_manifest.rc" 
       LinkEmbedManifest:
         c:\software\study\VS2010\VC\bin\link.exe /ERRORREPORT:PROMPT /OUT:"F:\git\BackgroundSubtraction\Vibe并行\Debug\Vibe并行.exe" /INCREMENTAL /NOLOGO opencv_calib3d248d.lib opencv_contrib248d.lib opencv_core248d.lib opencv_features2d248d.lib opencv_flann248d.lib opencv_gpu248d.lib opencv_highgui248d.lib opencv_imgproc248d.lib opencv_legacy248d.lib opencv_ml248d.lib opencv_objdetect248d.lib opencv_ts248d.lib opencv_video248d.lib opencv_calib3d248.lib opencv_contrib248.lib opencv_core248.lib opencv_features2d248.lib opencv_flann248.lib opencv_gpu248.lib opencv_highgui248.lib opencv_imgproc248.lib opencv_legacy248.lib opencv_ml248.lib opencv_objdetect248.lib opencv_ts248.lib opencv_video248.lib kernel32.lib user32.lib gdi32.lib winspool.lib comdlg32.lib advapi32.lib shell32.lib ole32.lib oleaut32.lib uuid.lib odbc32.lib odbccp32.lib /MANIFEST /ManifestFile:"Debug\Vibe并行.exe.intermediate.manifest" /MANIFESTUAC:"level='asInvoker' uiAccess='false'" /DEBUG /PDB:"F:\git\BackgroundSubtraction\Vibe并行\Debug\Vibe并行.pdb" /SUBSYSTEM:CONSOLE /TLBID:1 /DYNAMICBASE /NXCOMPAT /IMPLIB:"F:\git\BackgroundSubtraction\Vibe并行\Debug\Vibe并行.lib" /MACHINE:X86 "Debug\Vibe并行.exe.embed.manifest.res"
         Debug\BgFg_Vibe.obj
         Debug\stdafx.obj
         "Debug\Vibe并行.obj"
         Vibe并行.vcxproj -> F:\git\BackgroundSubtraction\Vibe并行\Debug\Vibe并行.exe
       FinalizeBuildStatus:
         Deleting file "Debug\Vibe并行.unsuccessfulbuild".
         Touching "Debug\Vibe并行.lastbuildstate".
     1>Done Building Project "F:\git\BackgroundSubtraction\Vibe并行\Vibe并行\Vibe并行.vcxproj" (rebuild target(s)).

Build succeeded.

Time Elapsed 00:00:01.55
