Build started 2015/8/27 9:31:05.
     1>Project "F:\git\BackgroundSubtraction\批量执行exe文件\批量执行exe文件\批量执行exe文件.vcxproj" on node 2 (build target(s)).
     1>InitializeBuildStatus:
         Creating "Debug\批量执行exe文件.unsuccessfulbuild" because "AlwaysCreate" was specified.
       ClCompile:
         All outputs are up-to-date.
         c:\software\study\VS2010\VC\bin\CL.exe /c /ZI /nologo /W3 /WX- /Od /Oy- /D WIN32 /D _DEBUG /D _CONSOLE /D _UNICODE /D UNICODE /Gm /EHsc /RTC1 /MDd /GS /fp:precise /Zc:wchar_t /Zc:forScope /Yu"StdAfx.h" /Fp"Debug\批量执行exe文件.pch" /Fo"Debug\\" /Fd"Debug\vc100.pdb" /Gd /TP /analyze- /errorReport:prompt "批量执行exe文件.cpp"
         批量执行exe文件.cpp
       ManifestResourceCompile:
         All outputs are up-to-date.
       Link:
         c:\software\study\VS2010\VC\bin\link.exe /ERRORREPORT:PROMPT /OUT:"F:\git\BackgroundSubtraction\批量执行exe文件\Debug\批量执行exe文件.exe" /INCREMENTAL /NOLOGO opencv_calib3d248d.lib opencv_contrib248d.lib opencv_core248d.lib opencv_features2d248d.lib opencv_flann248d.lib opencv_gpu248d.lib opencv_highgui248d.lib opencv_imgproc248d.lib opencv_legacy248d.lib opencv_ml248d.lib opencv_objdetect248d.lib opencv_ts248d.lib opencv_video248d.lib opencv_calib3d248.lib opencv_contrib248.lib opencv_core248.lib opencv_features2d248.lib opencv_flann248.lib opencv_gpu248.lib opencv_highgui248.lib opencv_imgproc248.lib opencv_legacy248.lib opencv_ml248.lib opencv_objdetect248.lib opencv_ts248.lib opencv_video248.lib kernel32.lib user32.lib gdi32.lib winspool.lib comdlg32.lib advapi32.lib shell32.lib ole32.lib oleaut32.lib uuid.lib odbc32.lib odbccp32.lib /MANIFEST /ManifestFile:"Debug\批量执行exe文件.exe.intermediate.manifest" /MANIFESTUAC:"level='asInvoker' uiAccess='false'" /DEBUG /PDB:"F:\git\BackgroundSubtraction\批量执行exe文件\Debug\批量执行exe文件.pdb" /SUBSYSTEM:CONSOLE /TLBID:1 /DYNAMICBASE /NXCOMPAT /IMPLIB:"F:\git\BackgroundSubtraction\批量执行exe文件\Debug\批量执行exe文件.lib" /MACHINE:X86 "Debug\批量执行exe文件.exe.embed.manifest.res"
         Debug\stdafx.obj
         "Debug\批量执行exe文件.obj"
       Manifest:
         C:\Program Files (x86)\Microsoft SDKs\Windows\v7.0A\bin\mt.exe /nologo /verbose /out:"Debug\批量执行exe文件.exe.embed.manifest" /manifest "Debug\批量执行exe文件.exe.intermediate.manifest"
         All outputs are up-to-date.
       LinkEmbedManifest:
         All outputs are up-to-date.
         批量执行exe文件.vcxproj -> F:\git\BackgroundSubtraction\批量执行exe文件\Debug\批量执行exe文件.exe
       FinalizeBuildStatus:
         Deleting file "Debug\批量执行exe文件.unsuccessfulbuild".
         Touching "Debug\批量执行exe文件.lastbuildstate".
     1>Done Building Project "F:\git\BackgroundSubtraction\批量执行exe文件\批量执行exe文件\批量执行exe文件.vcxproj" (build target(s)).

Build succeeded.

Time Elapsed 00:00:00.67
