F:\GIT\BACKGROUNDSUBTRACTION\SUBSENCE\DEBUG\SUBSENCE2.EXE
F:\GIT\BACKGROUNDSUBTRACTION\SUBSENCE\DEBUG\SUBSENCE2.ILK
F:\GIT\BACKGROUNDSUBTRACTION\SUBSENCE\DEBUG\SUBSENCE2.PDB
F:\GIT\BACKGROUNDSUBTRACTION\SUBSENCE\SUBSENCE2\DEBUG\BACKGROUNDSUBTRACTORLBSP.OBJ
F:\GIT\BACKGROUNDSUBTRACTION\SUBSENCE\SUBSENCE2\DEBUG\BACKGROUNDSUBTRACTORSUBSENSE.OBJ
F:\GIT\BACKGROUNDSUBTRACTION\SUBSENCE\SUBSENCE2\DEBUG\BGFG_SEGM.OBJ
F:\git\BackgroundSubtraction\subsence\subsence2\Debug\cl.command.1.tlog
F:\git\BackgroundSubtraction\subsence\subsence2\Debug\CL.read.1.tlog
F:\git\BackgroundSubtraction\subsence\subsence2\Debug\CL.write.1.tlog
F:\GIT\BACKGROUNDSUBTRACTION\SUBSENCE\SUBSENCE2\DEBUG\LBSP.OBJ
F:\git\BackgroundSubtraction\subsence\subsence2\Debug\link.5928.read.1.tlog
F:\git\BackgroundSubtraction\subsence\subsence2\Debug\link.5928.write.1.tlog
F:\git\BackgroundSubtraction\subsence\subsence2\Debug\link.5928-cvtres.read.1.tlog
F:\git\BackgroundSubtraction\subsence\subsence2\Debug\link.5928-cvtres.write.1.tlog
F:\git\BackgroundSubtraction\subsence\subsence2\Debug\link.command.1.tlog
F:\git\BackgroundSubtraction\subsence\subsence2\Debug\link.read.1.tlog
F:\git\BackgroundSubtraction\subsence\subsence2\Debug\link.write.1.tlog
F:\git\BackgroundSubtraction\subsence\subsence2\Debug\link-cvtres.read.1.tlog
F:\git\BackgroundSubtraction\subsence\subsence2\Debug\link-cvtres.write.1.tlog
F:\git\BackgroundSubtraction\subsence\subsence2\Debug\mt.command.1.tlog
F:\git\BackgroundSubtraction\subsence\subsence2\Debug\mt.read.1.tlog
F:\git\BackgroundSubtraction\subsence\subsence2\Debug\mt.write.1.tlog
F:\git\BackgroundSubtraction\subsence\subsence2\Debug\rc.command.1.tlog
F:\git\BackgroundSubtraction\subsence\subsence2\Debug\rc.read.1.tlog
F:\git\BackgroundSubtraction\subsence\subsence2\Debug\rc.write.1.tlog
F:\GIT\BACKGROUNDSUBTRACTION\SUBSENCE\SUBSENCE2\DEBUG\STDAFX.OBJ
F:\GIT\BACKGROUNDSUBTRACTION\SUBSENCE\SUBSENCE2\DEBUG\SUBSENCE2.EXE.EMBED.MANIFEST
F:\GIT\BACKGROUNDSUBTRACTION\SUBSENCE\SUBSENCE2\DEBUG\SUBSENCE2.EXE.EMBED.MANIFEST.RES
F:\GIT\BACKGROUNDSUBTRACTION\SUBSENCE\SUBSENCE2\DEBUG\SUBSENCE2.EXE.INTERMEDIATE.MANIFEST
F:\GIT\BACKGROUNDSUBTRACTION\SUBSENCE\SUBSENCE2\DEBUG\SUBSENCE2.PCH
F:\git\BackgroundSubtraction\subsence\subsence2\Debug\subsence2.write.1.tlog
F:\git\BackgroundSubtraction\subsence\subsence2\Debug\subsence2_manifest.rc
F:\git\BackgroundSubtraction\subsence\subsence2\Debug\vc100.idb
F:\GIT\BACKGROUNDSUBTRACTION\SUBSENCE\SUBSENCE2\DEBUG\VC100.PDB
