Build started 2015/8/26 20:15:39.
     1>Project "F:\git\BackgroundSubtraction\paper_subsence\subsence\subsence2\subsence2.vcxproj" on node 2 (rebuild target(s)).
     1>_PrepareForClean:
         Deleting file "Debug\subsence2.lastbuildstate".
       InitializeBuildStatus:
         Creating "Debug\subsence2.unsuccessfulbuild" because "AlwaysCreate" was specified.
       ClCompile:
         c:\software\study\VS2010\VC\bin\CL.exe /c /ZI /nologo /W3 /WX- /Od /Oy- /D WIN32 /D _DEBUG /D _CONSOLE /D _UNICODE /D UNICODE /Gm /EHsc /RTC1 /MDd /GS /fp:precise /Zc:wchar_t /Zc:forScope /Yc"StdAfx.h" /Fp"Debug\subsence2.pch" /Fo"Debug\\" /Fd"Debug\vc100.pdb" /Gd /TP /analyze- /errorReport:prompt stdafx.cpp
         stdafx.cpp
         c:\software\study\VS2010\VC\bin\CL.exe /c /ZI /nologo /W3 /WX- /Od /Oy- /D WIN32 /D _DEBUG /D _CONSOLE /D _UNICODE /D UNICODE /Gm /EHsc /RTC1 /MDd /GS /fp:precise /Zc:wchar_t /Zc:forScope /Yu"StdAfx.h" /Fp"Debug\subsence2.pch" /Fo"Debug\\" /Fd"Debug\vc100.pdb" /Gd /TP /analyze- /errorReport:prompt BackgroundSubtractorLBSP.cpp BackgroundSubtractorSuBSENSE.cpp bgfg_segm.cpp LBSP.cpp
         LBSP.cpp
         bgfg_segm.cpp
     1>c:\software\study\opencv2.4.8\opencv\build\include\opencv2\flann\logger.h(66): warning C4996: 'fopen': This function or variable may be unsafe. Consider using fopen_s instead. To disable deprecation, use _CRT_SECURE_NO_WARNINGS. See online help for details.
                 c:\software\study\vs2010\vc\include\stdio.h(234) : see declaration of 'fopen'
     1>f:\git\backgroundsubtraction\paper_subsence\subsence\subsence2\bgfg_segm.cpp(126): warning C4996: 'sprintf': This function or variable may be unsafe. Consider using sprintf_s instead. To disable deprecation, use _CRT_SECURE_NO_WARNINGS. See online help for details.
                 c:\software\study\vs2010\vc\include\stdio.h(371) : see declaration of 'sprintf'
     1>f:\git\backgroundsubtraction\paper_subsence\subsence\subsence2\bgfg_segm.cpp(122): warning C4101: 'writeImageBg' : unreferenced local variable
         BackgroundSubtractorSuBSENSE.cpp
         BackgroundSubtractorLBSP.cpp
         Generating Code...
       ManifestResourceCompile:
         C:\Program Files (x86)\Microsoft SDKs\Windows\v7.0A\bin\rc.exe /nologo /fo"Debug\subsence2.exe.embed.manifest.res" Debug\subsence2_manifest.rc 
       Link:
         c:\software\study\VS2010\VC\bin\link.exe /ERRORREPORT:PROMPT /OUT:"F:\git\BackgroundSubtraction\paper_subsence\subsence\Debug\subsence2.exe" /INCREMENTAL /NOLOGO opencv_calib3d248d.lib opencv_contrib248d.lib opencv_core248d.lib opencv_features2d248d.lib opencv_flann248d.lib opencv_gpu248d.lib opencv_highgui248d.lib opencv_imgproc248d.lib opencv_legacy248d.lib opencv_ml248d.lib opencv_objdetect248d.lib opencv_ts248d.lib opencv_video248d.lib opencv_calib3d248.lib opencv_contrib248.lib opencv_core248.lib opencv_features2d248.lib opencv_flann248.lib opencv_gpu248.lib opencv_highgui248.lib opencv_imgproc248.lib opencv_legacy248.lib opencv_ml248.lib opencv_objdetect248.lib opencv_ts248.lib opencv_video248.lib kernel32.lib user32.lib gdi32.lib winspool.lib comdlg32.lib advapi32.lib shell32.lib ole32.lib oleaut32.lib uuid.lib odbc32.lib odbccp32.lib /MANIFEST /ManifestFile:"Debug\subsence2.exe.intermediate.manifest" /MANIFESTUAC:"level='asInvoker' uiAccess='false'" /DEBUG /PDB:"F:\git\BackgroundSubtraction\paper_subsence\subsence\Debug\subsence2.pdb" /SUBSYSTEM:CONSOLE /TLBID:1 /DYNAMICBASE /NXCOMPAT /IMPLIB:"F:\git\BackgroundSubtraction\paper_subsence\subsence\Debug\subsence2.lib" /MACHINE:X86 Debug\subsence2.exe.embed.manifest.res
         Debug\BackgroundSubtractorLBSP.obj
         Debug\BackgroundSubtractorSuBSENSE.obj
         Debug\bgfg_segm.obj
         Debug\LBSP.obj
         Debug\stdafx.obj
       Manifest:
         Deleting file "Debug\subsence2.exe.embed.manifest".
         C:\Program Files (x86)\Microsoft SDKs\Windows\v7.0A\bin\mt.exe /nologo /verbose /out:"Debug\subsence2.exe.embed.manifest" /manifest Debug\subsence2.exe.intermediate.manifest
         C:\Program Files (x86)\Microsoft SDKs\Windows\v7.0A\bin\rc.exe /nologo /fo"Debug\subsence2.exe.embed.manifest.res" Debug\subsence2_manifest.rc 
       LinkEmbedManifest:
         c:\software\study\VS2010\VC\bin\link.exe /ERRORREPORT:PROMPT /OUT:"F:\git\BackgroundSubtraction\paper_subsence\subsence\Debug\subsence2.exe" /INCREMENTAL /NOLOGO opencv_calib3d248d.lib opencv_contrib248d.lib opencv_core248d.lib opencv_features2d248d.lib opencv_flann248d.lib opencv_gpu248d.lib opencv_highgui248d.lib opencv_imgproc248d.lib opencv_legacy248d.lib opencv_ml248d.lib opencv_objdetect248d.lib opencv_ts248d.lib opencv_video248d.lib opencv_calib3d248.lib opencv_contrib248.lib opencv_core248.lib opencv_features2d248.lib opencv_flann248.lib opencv_gpu248.lib opencv_highgui248.lib opencv_imgproc248.lib opencv_legacy248.lib opencv_ml248.lib opencv_objdetect248.lib opencv_ts248.lib opencv_video248.lib kernel32.lib user32.lib gdi32.lib winspool.lib comdlg32.lib advapi32.lib shell32.lib ole32.lib oleaut32.lib uuid.lib odbc32.lib odbccp32.lib /MANIFEST /ManifestFile:"Debug\subsence2.exe.intermediate.manifest" /MANIFESTUAC:"level='asInvoker' uiAccess='false'" /DEBUG /PDB:"F:\git\BackgroundSubtraction\paper_subsence\subsence\Debug\subsence2.pdb" /SUBSYSTEM:CONSOLE /TLBID:1 /DYNAMICBASE /NXCOMPAT /IMPLIB:"F:\git\BackgroundSubtraction\paper_subsence\subsence\Debug\subsence2.lib" /MACHINE:X86 Debug\subsence2.exe.embed.manifest.res
         Debug\BackgroundSubtractorLBSP.obj
         Debug\BackgroundSubtractorSuBSENSE.obj
         Debug\bgfg_segm.obj
         Debug\LBSP.obj
         Debug\stdafx.obj
         subsence2.vcxproj -> F:\git\BackgroundSubtraction\paper_subsence\subsence\Debug\subsence2.exe
       FinalizeBuildStatus:
         Deleting file "Debug\subsence2.unsuccessfulbuild".
         Touching "Debug\subsence2.lastbuildstate".
     1>Done Building Project "F:\git\BackgroundSubtraction\paper_subsence\subsence\subsence2\subsence2.vcxproj" (rebuild target(s)).

Build succeeded.

Time Elapsed 00:00:03.52
