Build started 2015/8/26 22:27:25.
     1>Project "F:\git\BackgroundSubtraction\ViBe2014-11-18\ViBe\ViBe.vcxproj" on node 2 (build target(s)).
     1>InitializeBuildStatus:
         Creating "Debug\ViBe.unsuccessfulbuild" because "AlwaysCreate" was specified.
       ClCompile:
         All outputs are up-to-date.
         All outputs are up-to-date.
       ResourceCompile:
         All outputs are up-to-date.
       ManifestResourceCompile:
         All outputs are up-to-date.
       Link:
         All outputs are up-to-date.
       Manifest:
         All outputs are up-to-date.
       FinalizeBuildStatus:
         Deleting file "Debug\ViBe.unsuccessfulbuild".
         Touching "Debug\ViBe.lastbuildstate".
     1>Done Building Project "F:\git\BackgroundSubtraction\ViBe2014-11-18\ViBe\ViBe.vcxproj" (build target(s)).

Build succeeded.

Time Elapsed 00:00:00.04
